----------------------------------------------------------------
2015-03-06 11:14:00.542 GMT:
 Booting Derby version The Apache Software Foundation - Apache Derby - 10.5.3.0 - (802917): instance a816c00e-014b-eeca-c23f-000000382700
on database directory /private/tmp/repository-monitoring/jackrabbit-test-TRUNK/version/db  

Database Class Loader started - derby.database.classpath=''
----------------------------------------------------------------
2015-03-06 11:14:01.477 GMT:
 Booting Derby version The Apache Software Foundation - Apache Derby - 10.5.3.0 - (802917): instance 888c4022-014b-eeca-c23f-000000382700
on database directory /private/tmp/repository-monitoring/jackrabbit-test-TRUNK/workspaces/default/db  

Database Class Loader started - derby.database.classpath=''

2015-03-06 11:14:03.153 GMT:
Shutting down instance 888c4022-014b-eeca-c23f-000000382700
----------------------------------------------------------------

2015-03-06 11:14:03.170 GMT:
Shutting down instance a816c00e-014b-eeca-c23f-000000382700
----------------------------------------------------------------
----------------------------------------------------------------
2015-03-06 11:14:03.652 GMT:
 Booting Derby version The Apache Software Foundation - Apache Derby - 10.5.3.0 - (802917): instance 6965c036-014b-eeca-c23f-000000382700
on database directory /private/tmp/repository-monitoring/jackrabbit-test-TRUNK/version/db  

Database Class Loader started - derby.database.classpath=''
----------------------------------------------------------------
2015-03-06 11:14:03.777 GMT:
 Booting Derby version The Apache Software Foundation - Apache Derby - 10.5.3.0 - (802917): instance 4aa3404a-014b-eeca-c23f-000000382700
on database directory /private/tmp/repository-monitoring/jackrabbit-test-TRUNK/workspaces/default/db  

Database Class Loader started - derby.database.classpath=''

2015-03-06 11:14:04.610 GMT:
Shutting down instance 4aa3404a-014b-eeca-c23f-000000382700
----------------------------------------------------------------

2015-03-06 11:14:04.622 GMT:
Shutting down instance 6965c036-014b-eeca-c23f-000000382700
----------------------------------------------------------------
----------------------------------------------------------------
2015-03-06 11:14:04.997 GMT:
 Booting Derby version The Apache Software Foundation - Apache Derby - 10.5.3.0 - (802917): instance 2c44c05e-014b-eeca-c23f-000000382700
on database directory /private/tmp/repository-monitoring/jackrabbit-test-TRUNK/version/db  

Database Class Loader started - derby.database.classpath=''
----------------------------------------------------------------
2015-03-06 11:14:05.104 GMT:
 Booting Derby version The Apache Software Foundation - Apache Derby - 10.5.3.0 - (802917): instance 0e4a4072-014b-eeca-c23f-000000382700
on database directory /private/tmp/repository-monitoring/jackrabbit-test-TRUNK/workspaces/default/db  

Database Class Loader started - derby.database.classpath=''

2015-03-06 11:14:05.687 GMT:
Shutting down instance 0e4a4072-014b-eeca-c23f-000000382700
----------------------------------------------------------------

2015-03-06 11:14:05.692 GMT:
Shutting down instance 2c44c05e-014b-eeca-c23f-000000382700
----------------------------------------------------------------
----------------------------------------------------------------
2015-03-06 11:14:06.000 GMT:
 Booting Derby version The Apache Software Foundation - Apache Derby - 10.5.3.0 - (802917): instance f0b3c086-014b-eeca-c23f-000000382700
on database directory /private/tmp/repository-monitoring/jackrabbit-test-TRUNK/version/db  

Database Class Loader started - derby.database.classpath=''
----------------------------------------------------------------
2015-03-06 11:14:06.112 GMT:
 Booting Derby version The Apache Software Foundation - Apache Derby - 10.5.3.0 - (802917): instance d381409a-014b-eeca-c23f-000000382700
on database directory /private/tmp/repository-monitoring/jackrabbit-test-TRUNK/workspaces/default/db  

Database Class Loader started - derby.database.classpath=''

2015-03-06 11:14:06.362 GMT:
Shutting down instance d381409a-014b-eeca-c23f-000000382700
----------------------------------------------------------------

2015-03-06 11:14:06.368 GMT:
Shutting down instance f0b3c086-014b-eeca-c23f-000000382700
----------------------------------------------------------------
----------------------------------------------------------------
2015-03-06 11:14:06.594 GMT:
 Booting Derby version The Apache Software Foundation - Apache Derby - 10.5.3.0 - (802917): instance b6b2c0ae-014b-eeca-c23f-000000382700
on database directory /private/tmp/repository-monitoring/jackrabbit-test-TRUNK/version/db  

Database Class Loader started - derby.database.classpath=''
----------------------------------------------------------------
2015-03-06 11:14:06.667 GMT:
 Booting Derby version The Apache Software Foundation - Apache Derby - 10.5.3.0 - (802917): instance 9a4840c2-014b-eeca-c23f-000000382700
on database directory /private/tmp/repository-monitoring/jackrabbit-test-TRUNK/workspaces/default/db  

Database Class Loader started - derby.database.classpath=''

2015-03-06 11:14:07.054 GMT:
Shutting down instance 9a4840c2-014b-eeca-c23f-000000382700
----------------------------------------------------------------

2015-03-06 11:14:07.060 GMT:
Shutting down instance b6b2c0ae-014b-eeca-c23f-000000382700
----------------------------------------------------------------
